Info    : Running 'gmsh -3 -bin pyramid_0_05.geo' [Gmsh 2.8.3, 1 node, max. 24 threads]
Info    : Started on Tue Mar  8 22:18:06 2016
Info    : Reading 'pyramid_0_05.geo'...
Info    : Done reading 'pyramid_0_05.geo'
Info    : Meshing 1D...
Info    : Meshing curve 1 (Line)
Info    : Meshing curve 2 (Line)
Info    : Meshing curve 3 (Line)
Info    : Meshing curve 4 (Line)
Info    : Meshing curve 5 (Line)
Info    : Meshing curve 6 (Line)
Info    : Meshing curve 7 (Line)
Info    : Meshing curve 8 (Line)
Info    : Done meshing 1D (0.000488 s)
Info    : Meshing 2D...
Info    : Meshing surface 10 (Plane, Delaunay)
Info    : Meshing surface 16 (Plane, Delaunay)
Info    : Meshing surface 14 (Plane, Delaunay)
Info    : Meshing surface 18 (Plane, Delaunay)
Info    : Meshing surface 12 (Plane, Delaunay)
Info    : Done meshing 2D (0.0392089 s)
Info    : Meshing 3D...
Info    : Meshing volume 20 (Frontal)
Info    : Region 20 Face 10, 1 intersect
Info    : Region 20 Face 12, 0 intersect
Info    : Region 20 Face 14, 0 intersect
Info    : Region 20 Face 16, 0 intersect
Info    : Region 20 Face 18, 0 intersect
Info    : CalcLocalH: 3852 Points 0 Elements 7700 Surface Elements 
Info    : Check subdomain 1 / 1 
Info    : 7700 open elements 
Info    : Meshing subdomain 1 of 1 
Info    : 7700 open elements 
Info    : Use internal rules 
Info    : 7700 open elements 
Info    : Delaunay meshing 
Info    : number of points: 3852 
Info    : blockfill local h 
Info    : number of points: 7565 
Info    : Points: 7565 
Info    : Elements: 44151 
Info    : 16 open elements 
Info    : Num open: 16 
Info    : free: 198, fixed: 43953 
Info    : SwapImprove  
Info    : 16 swaps performed 
Info    : 0 open elements 
Info    : Num open: 0 
Info    : free: 0, fixed: 44143 
Info    : SwapImprove  
Info    : 0 swaps performed 
Info    : 0 degenerated elements removed 
Info    : Remove intersecting 
Info    : Remove outer 
Info    : tables filled 
Info    : outer removed 
Info    : 7700 open elements 
Info    : 7411 points, 33901 elements 
Info    : 0 open elements 
Info    : 0 open faces 
Info    : start tetmeshing 
Info    : Use internal rules 
Info    : 0 open elements 
Info    : Success ! 
Info    : 7411 points, 33901 elements 
Info    : Done meshing 3D (0.919462 s)
Info    : 7411 vertices 41874 elements
Info    : Writing 'pyramid_0_05.msh'...
Info    : Done writing 'pyramid_0_05.msh'
Info    : Stopped on Tue Mar  8 22:18:07 2016
